<?xml version="1.0" encoding="UTF-8"?>
<!-- Generated by org.testng.reporters.JUnitXMLReporter -->
<testsuite ignored="0" hostname="DESKTOP-JQHT8L4" failures="1" tests="3" name="GoRest Test" time="8.899" errors="0" timestamp="2025-04-21T21:19:36 IST">
  <testcase classname="api.UserApiTest" name="createUser" time="5.972"/>
  <testcase classname="api.UserApiTest" name="getUsers" time="1.612">
    <failure type="java.lang.AssertionError" message="User status is not active for user ID: 7843386 expected [active] but found [inactive]">
      <![CDATA[java.lang.AssertionError: User status is not active for user ID: 7843386 expected [active] but found [inactive]
at api.UserApiTest.assertValidUser(UserApiTest.java:65)
at api.UserApiTest.getUsers(UserApiTest.java:29)
at java.base/java.util.ArrayList.forEach(ArrayList.java:1596)
... Removed 30 stack frames]]>
    </failure>
  </testcase> <!-- getUsers -->
  <testcase classname="api.UserApiTest" name="deleteUser" time="1.225"/>
</testsuite> <!-- GoRest Test -->
