<?xml version="1.0" encoding="UTF-8"?>
<!-- Generated by org.testng.reporters.JUnitXMLReporter -->
<testsuite ignored="0" hostname="DESKTOP-JQHT8L4" failures="0" tests="6" name="Mobile Test" time="0.054" errors="0" timestamp="2025-04-21T19:41:14 IST">
  <testcase classname="mobile.CalculatorTest" name="testAddition" time="0.0">
    <skipped/>
  </testcase> <!-- testAddition -->
  <testcase classname="mobile.CalculatorTest" name="testSubtraction" time="0.0">
    <skipped/>
  </testcase> <!-- testSubtraction -->
  <testcase classname="mobile.CalculatorTest" name="testMultiplication" time="0.0">
    <skipped/>
  </testcase> <!-- testMultiplication -->
  <testcase classname="mobile.CalculatorTest" name="testDivision" time="0.0">
    <skipped/>
  </testcase> <!-- testDivision -->
  <testcase classname="mobile.CalculatorTest" name="testDivideByZero" time="0.0">
    <skipped/>
  </testcase> <!-- testDivideByZero -->
  <testcase classname="mobile.CalculatorTest" name="testNegativeNumberAddition" time="0.0">
    <skipped/>
  </testcase> <!-- testNegativeNumberAddition -->
</testsuite> <!-- Mobile Test -->
